2022-10-26 01:49:28,271 [main] INFO edu.usu.cs5260.common.ProducerSettings - max-widget-requests: 1000
2022-10-26 01:49:28,282 [main] INFO edu.usu.cs5260.common.ProducerSettings - inter-request-delay: 100
2022-10-26 01:49:29,709 [Thread-0] INFO edu.usu.cs5260.producer.RequestGenerator - Generate a Create request
2022-10-26 01:49:29,973 [Thread-0] DEBUG software.amazon.awssdk.auth.credentials.AwsCredentialsProviderChain - Unable to load credentials from SystemPropertyCredentialsProvider(): Unable to load credentials from system settings. Access key must be specified either via environment variable (AWS_ACCESS_KEY_ID) or system property (aws.accessKeyId).
software.amazon.awssdk.core.exception.SdkClientException: Unable to load credentials from system settings. Access key must be specified either via environment variable (AWS_ACCESS_KEY_ID) or system property (aws.accessKeyId).
	at software.amazon.awssdk.core.exception.SdkClientException$BuilderImpl.build(SdkClientException.java:98) ~[producer.jar:2.2]
	at software.amazon.awssdk.auth.credentials.internal.SystemSettingsCredentialsProvider.resolveCredentials(SystemSettingsCredentialsProvider.java:58) ~[producer.jar:2.2]
	at software.amazon.awssdk.auth.credentials.AwsCredentialsProviderChain.resolveCredentials(AwsCredentialsProviderChain.java:91) ~[producer.jar:2.2]
	at software.amazon.awssdk.awscore.client.handler.AwsClientHandlerUtils.createExecutionContext(AwsClientHandlerUtils.java:76) ~[producer.jar:2.2]
	at software.amazon.awssdk.awscore.client.handler.AwsSyncClientHandler.createExecutionContext(AwsSyncClientHandler.java:68) ~[producer.jar:2.2]
	at software.amazon.awssdk.core.internal.handler.BaseSyncClientHandler.lambda$execute$1(BaseSyncClientHandler.java:97) ~[producer.jar:2.2]
	at software.amazon.awssdk.core.internal.handler.BaseSyncClientHandler.measureApiCallSuccess(BaseSyncClientHandler.java:167) [producer.jar:2.2]
	at software.amazon.awssdk.core.internal.handler.BaseSyncClientHandler.execute(BaseSyncClientHandler.java:94) [producer.jar:2.2]
	at software.amazon.awssdk.core.client.handler.SdkSyncClientHandler.execute(SdkSyncClientHandler.java:45) [producer.jar:2.2]
	at software.amazon.awssdk.awscore.client.handler.AwsSyncClientHandler.execute(AwsSyncClientHandler.java:55) [producer.jar:2.2]
	at software.amazon.awssdk.services.s3.DefaultS3Client.putObject(DefaultS3Client.java:8655) [producer.jar:2.2]
	at edu.usu.cs5260.common.S3Adapter.putObject(S3Adapter.java:76) [producer.jar:2.2]
	at edu.usu.cs5260.common.S3WidgetRequestAdapter.putWidgetRequest(S3WidgetRequestAdapter.java:20) [producer.jar:2.2]
	at edu.usu.cs5260.common.requests.WidgetRequestFactory.generateAndSaveTestWidgetCreateRequest(WidgetRequestFactory.java:25) [producer.jar:2.2]
	at edu.usu.cs5260.producer.RequestGenerator.run(RequestGenerator.java:58) [producer.jar:2.2]
	at java.lang.Thread.run(Thread.java:829) [?:?]
2022-10-26 01:49:29,987 [Thread-0] DEBUG software.amazon.awssdk.auth.credentials.AwsCredentialsProviderChain - Unable to load credentials from EnvironmentVariableCredentialsProvider(): Unable to load credentials from system settings. Access key must be specified either via environment variable (AWS_ACCESS_KEY_ID) or system property (aws.accessKeyId).
software.amazon.awssdk.core.exception.SdkClientException: Unable to load credentials from system settings. Access key must be specified either via environment variable (AWS_ACCESS_KEY_ID) or system property (aws.accessKeyId).
	at software.amazon.awssdk.core.exception.SdkClientException$BuilderImpl.build(SdkClientException.java:98) ~[producer.jar:2.2]
	at software.amazon.awssdk.auth.credentials.internal.SystemSettingsCredentialsProvider.resolveCredentials(SystemSettingsCredentialsProvider.java:58) ~[producer.jar:2.2]
	at software.amazon.awssdk.auth.credentials.AwsCredentialsProviderChain.resolveCredentials(AwsCredentialsProviderChain.java:91) ~[producer.jar:2.2]
	at software.amazon.awssdk.awscore.client.handler.AwsClientHandlerUtils.createExecutionContext(AwsClientHandlerUtils.java:76) ~[producer.jar:2.2]
	at software.amazon.awssdk.awscore.client.handler.AwsSyncClientHandler.createExecutionContext(AwsSyncClientHandler.java:68) ~[producer.jar:2.2]
	at software.amazon.awssdk.core.internal.handler.BaseSyncClientHandler.lambda$execute$1(BaseSyncClientHandler.java:97) ~[producer.jar:2.2]
	at software.amazon.awssdk.core.internal.handler.BaseSyncClientHandler.measureApiCallSuccess(BaseSyncClientHandler.java:167) [producer.jar:2.2]
	at software.amazon.awssdk.core.internal.handler.BaseSyncClientHandler.execute(BaseSyncClientHandler.java:94) [producer.jar:2.2]
	at software.amazon.awssdk.core.client.handler.SdkSyncClientHandler.execute(SdkSyncClientHandler.java:45) [producer.jar:2.2]
	at software.amazon.awssdk.awscore.client.handler.AwsSyncClientHandler.execute(AwsSyncClientHandler.java:55) [producer.jar:2.2]
	at software.amazon.awssdk.services.s3.DefaultS3Client.putObject(DefaultS3Client.java:8655) [producer.jar:2.2]
	at edu.usu.cs5260.common.S3Adapter.putObject(S3Adapter.java:76) [producer.jar:2.2]
	at edu.usu.cs5260.common.S3WidgetRequestAdapter.putWidgetRequest(S3WidgetRequestAdapter.java:20) [producer.jar:2.2]
	at edu.usu.cs5260.common.requests.WidgetRequestFactory.generateAndSaveTestWidgetCreateRequest(WidgetRequestFactory.java:25) [producer.jar:2.2]
	at edu.usu.cs5260.producer.RequestGenerator.run(RequestGenerator.java:58) [producer.jar:2.2]
	at java.lang.Thread.run(Thread.java:829) [?:?]
2022-10-26 01:49:29,992 [Thread-0] DEBUG software.amazon.awssdk.auth.credentials.AwsCredentialsProviderChain - Loading credentials from ProfileCredentialsProvider(profileName=default, profileFile=ProfileFile(profiles=[Profile(name=default, properties=[aws_access_key_id, aws_session_token, region, aws_secret_access_key])]))
2022-10-26 01:49:29,995 [Thread-0] DEBUG software.amazon.awssdk.core.interceptor.ExecutionInterceptorChain - Creating an interceptor chain that will apply interceptors in the following order: [software.amazon.awssdk.core.internal.interceptor.HttpChecksumRequiredInterceptor@546e50f8, software.amazon.awssdk.awscore.interceptor.HelpfulUnknownHostExceptionInterceptor@fe18968, software.amazon.awssdk.services.s3.internal.handlers.EnableChunkedEncodingInterceptor@76b121c0, software.amazon.awssdk.services.s3.internal.handlers.DisableDoubleUrlEncodingInterceptor@798e1bff, software.amazon.awssdk.services.s3.internal.handlers.EnableTrailingChecksumInterceptor@5f417da6, software.amazon.awssdk.services.s3.internal.handlers.CreateMultipartUploadRequestInterceptor@5c6805ef, software.amazon.awssdk.services.s3.internal.handlers.GetObjectInterceptor@23289083, software.amazon.awssdk.services.s3.internal.handlers.AsyncChecksumValidationInterceptor@2af036fa, software.amazon.awssdk.services.s3.internal.handlers.EndpointAddressInterceptor@7e88d24f, software.amazon.awssdk.services.s3.internal.handlers.ExceptionTranslationInterceptor@62d3f70c, software.amazon.awssdk.services.s3.internal.handlers.GetBucketPolicyInterceptor@598cf5d, software.amazon.awssdk.services.s3.internal.handlers.PutObjectInterceptor@2e746ef2, software.amazon.awssdk.services.s3.internal.handlers.SyncChecksumValidationInterceptor@16d6cbd9, software.amazon.awssdk.services.s3.internal.handlers.DecodeUrlEncodedResponseInterceptor@6bc03598, software.amazon.awssdk.services.s3.internal.handlers.CreateBucketInterceptor@28e1fd9a]
2022-10-26 01:49:30,111 [Thread-0] DEBUG software.amazon.awssdk.core.interceptor.ExecutionInterceptorChain - Interceptor 'software.amazon.awssdk.services.s3.internal.handlers.EndpointAddressInterceptor@7e88d24f' modified the message with its modifyHttpRequest method.
2022-10-26 01:49:30,117 [Thread-0] DEBUG software.amazon.awssdk.core.interceptor.ExecutionInterceptorChain - Interceptor 'software.amazon.awssdk.services.s3.internal.handlers.PutObjectInterceptor@2e746ef2' modified the message with its modifyHttpRequest method.
2022-10-26 01:49:30,198 [Thread-0] DEBUG software.amazon.awssdk.request - Sending Request: DefaultSdkHttpFullRequest(httpMethod=PUT, protocol=https, host=usu-cs5260-waffle-requests.s3.amazonaws.com, port=443, encodedPath=/1666748969835, headers=[amz-sdk-invocation-id, Content-Length, Content-Type, Expect, User-Agent], queryParameters=[])
2022-10-26 01:49:30,259 [Thread-0] DEBUG software.amazon.awssdk.auth.signer.Aws4Signer - AWS4 String to sign: AWS4-HMAC-SHA256
20221026T014930Z
20221026/us-east-1/s3/aws4_request
b1a3dc2ec081a0e304a780030f5b8eeb8bef0bae3de63144cb64e02a5a657ef3
2022-10-26 01:49:30,529 [Thread-0] DEBUG software.amazon.awssdk.http.apache.internal.conn.SdkTlsSocketFactory - socket.getSupportedProtocols(): [TLSv1.3, TLSv1.2, TLSv1.1, TLSv1, SSLv3, SSLv2Hello], socket.getEnabledProtocols(): [TLSv1.3, TLSv1.2, TLSv1.1, TLSv1]
2022-10-26 01:49:30,536 [Thread-0] DEBUG software.amazon.awssdk.http.apache.internal.conn.SdkTlsSocketFactory - TLS protocol enabled for SSL handshake: [TLSv1.2, TLSv1.1, TLSv1, TLSv1.3]
2022-10-26 01:49:30,991 [Thread-0] DEBUG software.amazon.awssdk.http.apache.internal.net.SdkSslSocket - created: usu-cs5260-waffle-requests.s3.amazonaws.com/3.5.3.112:443
2022-10-26 01:49:31,129 [Thread-0] DEBUG software.amazon.awssdk.request - Received successful response: 200
2022-10-26 01:49:31,163 [Thread-0] INFO edu.usu.cs5260.producer.RequestGenerator - Generate a Create request
2022-10-26 01:49:31,167 [Thread-0] DEBUG software.amazon.awssdk.core.interceptor.ExecutionInterceptorChain - Creating an interceptor chain that will apply interceptors in the following order: [software.amazon.awssdk.core.internal.interceptor.HttpChecksumRequiredInterceptor@546e50f8, software.amazon.awssdk.awscore.interceptor.HelpfulUnknownHostExceptionInterceptor@fe18968, software.amazon.awssdk.services.s3.internal.handlers.EnableChunkedEncodingInterceptor@76b121c0, software.amazon.awssdk.services.s3.internal.handlers.DisableDoubleUrlEncodingInterceptor@798e1bff, software.amazon.awssdk.services.s3.internal.handlers.EnableTrailingChecksumInterceptor@5f417da6, software.amazon.awssdk.services.s3.internal.handlers.CreateMultipartUploadRequestInterceptor@5c6805ef, software.amazon.awssdk.services.s3.internal.handlers.GetObjectInterceptor@23289083, software.amazon.awssdk.services.s3.internal.handlers.AsyncChecksumValidationInterceptor@2af036fa, software.amazon.awssdk.services.s3.internal.handlers.EndpointAddressInterceptor@7e88d24f, software.amazon.awssdk.services.s3.internal.handlers.ExceptionTranslationInterceptor@62d3f70c, software.amazon.awssdk.services.s3.internal.handlers.GetBucketPolicyInterceptor@598cf5d, software.amazon.awssdk.services.s3.internal.handlers.PutObjectInterceptor@2e746ef2, software.amazon.awssdk.services.s3.internal.handlers.SyncChecksumValidationInterceptor@16d6cbd9, software.amazon.awssdk.services.s3.internal.handlers.DecodeUrlEncodedResponseInterceptor@6bc03598, software.amazon.awssdk.services.s3.internal.handlers.CreateBucketInterceptor@28e1fd9a]
2022-10-26 01:49:31,170 [Thread-0] DEBUG software.amazon.awssdk.core.interceptor.ExecutionInterceptorChain - Interceptor 'software.amazon.awssdk.services.s3.internal.handlers.EndpointAddressInterceptor@7e88d24f' modified the message with its modifyHttpRequest method.
2022-10-26 01:49:31,173 [Thread-0] DEBUG software.amazon.awssdk.core.interceptor.ExecutionInterceptorChain - Interceptor 'software.amazon.awssdk.services.s3.internal.handlers.PutObjectInterceptor@2e746ef2' modified the message with its modifyHttpRequest method.
2022-10-26 01:49:31,174 [Thread-0] DEBUG software.amazon.awssdk.request - Sending Request: DefaultSdkHttpFullRequest(httpMethod=PUT, protocol=https, host=usu-cs5260-waffle-requests.s3.amazonaws.com, port=443, encodedPath=/1666748971167, headers=[amz-sdk-invocation-id, Content-Length, Content-Type, Expect, User-Agent], queryParameters=[])
2022-10-26 01:49:31,177 [Thread-0] DEBUG software.amazon.awssdk.auth.signer.Aws4Signer - AWS4 String to sign: AWS4-HMAC-SHA256
20221026T014931Z
20221026/us-east-1/s3/aws4_request
67a03d1c8e6075437d6e6fb262e9f0574fdf8584aa055b77e8130a02b75c0adb
2022-10-26 01:49:31,238 [Thread-0] DEBUG software.amazon.awssdk.request - Received successful response: 200
2022-10-26 01:49:31,244 [Thread-0] INFO edu.usu.cs5260.producer.RequestGenerator - Generate a Create request
2022-10-26 01:49:31,250 [Thread-0] DEBUG software.amazon.awssdk.core.interceptor.ExecutionInterceptorChain - Creating an interceptor chain that will apply interceptors in the following order: [software.amazon.awssdk.core.internal.interceptor.HttpChecksumRequiredInterceptor@546e50f8, software.amazon.awssdk.awscore.interceptor.HelpfulUnknownHostExceptionInterceptor@fe18968, software.amazon.awssdk.services.s3.internal.handlers.EnableChunkedEncodingInterceptor@76b121c0, software.amazon.awssdk.services.s3.internal.handlers.DisableDoubleUrlEncodingInterceptor@798e1bff, software.amazon.awssdk.services.s3.internal.handlers.EnableTrailingChecksumInterceptor@5f417da6, software.amazon.awssdk.services.s3.internal.handlers.CreateMultipartUploadRequestInterceptor@5c6805ef, software.amazon.awssdk.services.s3.internal.handlers.GetObjectInterceptor@23289083, software.amazon.awssdk.services.s3.internal.handlers.AsyncChecksumValidationInterceptor@2af036fa, software.amazon.awssdk.services.s3.internal.handlers.EndpointAddressInterceptor@7e88d24f, software.amazon.awssdk.services.s3.internal.handlers.ExceptionTranslationInterceptor@62d3f70c, software.amazon.awssdk.services.s3.internal.handlers.GetBucketPolicyInterceptor@598cf5d, software.amazon.awssdk.services.s3.internal.handlers.PutObjectInterceptor@2e746ef2, software.amazon.awssdk.services.s3.internal.handlers.SyncChecksumValidationInterceptor@16d6cbd9, software.amazon.awssdk.services.s3.internal.handlers.DecodeUrlEncodedResponseInterceptor@6bc03598, software.amazon.awssdk.services.s3.internal.handlers.CreateBucketInterceptor@28e1fd9a]
2022-10-26 01:49:31,263 [Thread-0] DEBUG software.amazon.awssdk.core.interceptor.ExecutionInterceptorChain - Interceptor 'software.amazon.awssdk.services.s3.internal.handlers.EndpointAddressInterceptor@7e88d24f' modified the message with its modifyHttpRequest method.
2022-10-26 01:49:31,265 [Thread-0] DEBUG software.amazon.awssdk.core.interceptor.ExecutionInterceptorChain - Interceptor 'software.amazon.awssdk.services.s3.internal.handlers.PutObjectInterceptor@2e746ef2' modified the message with its modifyHttpRequest method.
2022-10-26 01:49:31,267 [Thread-0] DEBUG software.amazon.awssdk.request - Sending Request: DefaultSdkHttpFullRequest(httpMethod=PUT, protocol=https, host=usu-cs5260-waffle-requests.s3.amazonaws.com, port=443, encodedPath=/1666748971246, headers=[amz-sdk-invocation-id, Content-Length, Content-Type, Expect, User-Agent], queryParameters=[])
2022-10-26 01:49:31,270 [Thread-0] DEBUG software.amazon.awssdk.auth.signer.Aws4Signer - AWS4 String to sign: AWS4-HMAC-SHA256
20221026T014931Z
20221026/us-east-1/s3/aws4_request
e0cd611f729465ed85be3189e795852ba37cbdd0d8eb854ce547b2a70b82cf6f
2022-10-26 01:49:31,309 [Thread-0] DEBUG software.amazon.awssdk.request - Received successful response: 200
2022-10-26 01:49:31,311 [Thread-0] INFO edu.usu.cs5260.producer.RequestGenerator - Generate a Create request
2022-10-26 01:49:31,312 [Thread-0] DEBUG software.amazon.awssdk.core.interceptor.ExecutionInterceptorChain - Creating an interceptor chain that will apply interceptors in the following order: [software.amazon.awssdk.core.internal.interceptor.HttpChecksumRequiredInterceptor@546e50f8, software.amazon.awssdk.awscore.interceptor.HelpfulUnknownHostExceptionInterceptor@fe18968, software.amazon.awssdk.services.s3.internal.handlers.EnableChunkedEncodingInterceptor@76b121c0, software.amazon.awssdk.services.s3.internal.handlers.DisableDoubleUrlEncodingInterceptor@798e1bff, software.amazon.awssdk.services.s3.internal.handlers.EnableTrailingChecksumInterceptor@5f417da6, software.amazon.awssdk.services.s3.internal.handlers.CreateMultipartUploadRequestInterceptor@5c6805ef, software.amazon.awssdk.services.s3.internal.handlers.GetObjectInterceptor@23289083, software.amazon.awssdk.services.s3.internal.handlers.AsyncChecksumValidationInterceptor@2af036fa, software.amazon.awssdk.services.s3.internal.handlers.EndpointAddressInterceptor@7e88d24f, software.amazon.awssdk.services.s3.internal.handlers.ExceptionTranslationInterceptor@62d3f70c, software.amazon.awssdk.services.s3.internal.handlers.GetBucketPolicyInterceptor@598cf5d, software.amazon.awssdk.services.s3.internal.handlers.PutObjectInterceptor@2e746ef2, software.amazon.awssdk.services.s3.internal.handlers.SyncChecksumValidationInterceptor@16d6cbd9, software.amazon.awssdk.services.s3.internal.handlers.DecodeUrlEncodedResponseInterceptor@6bc03598, software.amazon.awssdk.services.s3.internal.handlers.CreateBucketInterceptor@28e1fd9a]
2022-10-26 01:49:31,323 [Thread-0] DEBUG software.amazon.awssdk.core.interceptor.ExecutionInterceptorChain - Interceptor 'software.amazon.awssdk.services.s3.internal.handlers.EndpointAddressInterceptor@7e88d24f' modified the message with its modifyHttpRequest method.
2022-10-26 01:49:31,323 [Thread-0] DEBUG software.amazon.awssdk.core.interceptor.ExecutionInterceptorChain - Interceptor 'software.amazon.awssdk.services.s3.internal.handlers.PutObjectInterceptor@2e746ef2' modified the message with its modifyHttpRequest method.
2022-10-26 01:49:31,326 [Thread-0] DEBUG software.amazon.awssdk.request - Sending Request: DefaultSdkHttpFullRequest(httpMethod=PUT, protocol=https, host=usu-cs5260-waffle-requests.s3.amazonaws.com, port=443, encodedPath=/1666748971312, headers=[amz-sdk-invocation-id, Content-Length, Content-Type, Expect, User-Agent], queryParameters=[])
2022-10-26 01:49:31,330 [Thread-0] DEBUG software.amazon.awssdk.auth.signer.Aws4Signer - AWS4 String to sign: AWS4-HMAC-SHA256
20221026T014931Z
20221026/us-east-1/s3/aws4_request
30ee7f4167a234a2361b6206c69750735564f4ca57b853759dd266e5ed10a8e4
2022-10-26 01:49:31,422 [Thread-0] DEBUG software.amazon.awssdk.request - Received successful response: 200
2022-10-26 01:49:31,438 [Thread-0] INFO edu.usu.cs5260.producer.RequestGenerator - Generate a Create request
2022-10-26 01:49:31,446 [Thread-0] DEBUG software.amazon.awssdk.core.interceptor.ExecutionInterceptorChain - Creating an interceptor chain that will apply interceptors in the following order: [software.amazon.awssdk.core.internal.interceptor.HttpChecksumRequiredInterceptor@546e50f8, software.amazon.awssdk.awscore.interceptor.HelpfulUnknownHostExceptionInterceptor@fe18968, software.amazon.awssdk.services.s3.internal.handlers.EnableChunkedEncodingInterceptor@76b121c0, software.amazon.awssdk.services.s3.internal.handlers.DisableDoubleUrlEncodingInterceptor@798e1bff, software.amazon.awssdk.services.s3.internal.handlers.EnableTrailingChecksumInterceptor@5f417da6, software.amazon.awssdk.services.s3.internal.handlers.CreateMultipartUploadRequestInterceptor@5c6805ef, software.amazon.awssdk.services.s3.internal.handlers.GetObjectInterceptor@23289083, software.amazon.awssdk.services.s3.internal.handlers.AsyncChecksumValidationInterceptor@2af036fa, software.amazon.awssdk.services.s3.internal.handlers.EndpointAddressInterceptor@7e88d24f, software.amazon.awssdk.services.s3.internal.handlers.ExceptionTranslationInterceptor@62d3f70c, software.amazon.awssdk.services.s3.internal.handlers.GetBucketPolicyInterceptor@598cf5d, software.amazon.awssdk.services.s3.internal.handlers.PutObjectInterceptor@2e746ef2, software.amazon.awssdk.services.s3.internal.handlers.SyncChecksumValidationInterceptor@16d6cbd9, software.amazon.awssdk.services.s3.internal.handlers.DecodeUrlEncodedResponseInterceptor@6bc03598, software.amazon.awssdk.services.s3.internal.handlers.CreateBucketInterceptor@28e1fd9a]
2022-10-26 01:49:31,451 [Thread-0] DEBUG software.amazon.awssdk.core.interceptor.ExecutionInterceptorChain - Interceptor 'software.amazon.awssdk.services.s3.internal.handlers.EndpointAddressInterceptor@7e88d24f' modified the message with its modifyHttpRequest method.
2022-10-26 01:49:31,477 [Thread-0] DEBUG software.amazon.awssdk.core.interceptor.ExecutionInterceptorChain - Interceptor 'software.amazon.awssdk.services.s3.internal.handlers.PutObjectInterceptor@2e746ef2' modified the message with its modifyHttpRequest method.
2022-10-26 01:49:31,484 [Thread-0] DEBUG software.amazon.awssdk.request - Sending Request: DefaultSdkHttpFullRequest(httpMethod=PUT, protocol=https, host=usu-cs5260-waffle-requests.s3.amazonaws.com, port=443, encodedPath=/1666748971445, headers=[amz-sdk-invocation-id, Content-Length, Content-Type, Expect, User-Agent], queryParameters=[])
2022-10-26 01:49:31,490 [Thread-0] DEBUG software.amazon.awssdk.auth.signer.Aws4Signer - AWS4 String to sign: AWS4-HMAC-SHA256
20221026T014931Z
20221026/us-east-1/s3/aws4_request
a8d2dbf16a0824f29b0c047a2d1031d01c69b8e3f273ca79466ca516e4310509
2022-10-26 01:49:31,537 [Thread-0] DEBUG software.amazon.awssdk.request - Received successful response: 200
2022-10-26 01:49:31,541 [Thread-0] INFO edu.usu.cs5260.producer.RequestGenerator - Generate a Create request
2022-10-26 01:49:31,542 [Thread-0] DEBUG software.amazon.awssdk.core.interceptor.ExecutionInterceptorChain - Creating an interceptor chain that will apply interceptors in the following order: [software.amazon.awssdk.core.internal.interceptor.HttpChecksumRequiredInterceptor@546e50f8, software.amazon.awssdk.awscore.interceptor.HelpfulUnknownHostExceptionInterceptor@fe18968, software.amazon.awssdk.services.s3.internal.handlers.EnableChunkedEncodingInterceptor@76b121c0, software.amazon.awssdk.services.s3.internal.handlers.DisableDoubleUrlEncodingInterceptor@798e1bff, software.amazon.awssdk.services.s3.internal.handlers.EnableTrailingChecksumInterceptor@5f417da6, software.amazon.awssdk.services.s3.internal.handlers.CreateMultipartUploadRequestInterceptor@5c6805ef, software.amazon.awssdk.services.s3.internal.handlers.GetObjectInterceptor@23289083, software.amazon.awssdk.services.s3.internal.handlers.AsyncChecksumValidationInterceptor@2af036fa, software.amazon.awssdk.services.s3.internal.handlers.EndpointAddressInterceptor@7e88d24f, software.amazon.awssdk.services.s3.internal.handlers.ExceptionTranslationInterceptor@62d3f70c, software.amazon.awssdk.services.s3.internal.handlers.GetBucketPolicyInterceptor@598cf5d, software.amazon.awssdk.services.s3.internal.handlers.PutObjectInterceptor@2e746ef2, software.amazon.awssdk.services.s3.internal.handlers.SyncChecksumValidationInterceptor@16d6cbd9, software.amazon.awssdk.services.s3.internal.handlers.DecodeUrlEncodedResponseInterceptor@6bc03598, software.amazon.awssdk.services.s3.internal.handlers.CreateBucketInterceptor@28e1fd9a]
2022-10-26 01:49:31,551 [Thread-0] DEBUG software.amazon.awssdk.core.interceptor.ExecutionInterceptorChain - Interceptor 'software.amazon.awssdk.services.s3.internal.handlers.EndpointAddressInterceptor@7e88d24f' modified the message with its modifyHttpRequest method.
2022-10-26 01:49:31,553 [Thread-0] DEBUG software.amazon.awssdk.core.interceptor.ExecutionInterceptorChain - Interceptor 'software.amazon.awssdk.services.s3.internal.handlers.PutObjectInterceptor@2e746ef2' modified the message with its modifyHttpRequest method.
2022-10-26 01:49:31,557 [Thread-0] DEBUG software.amazon.awssdk.request - Sending Request: DefaultSdkHttpFullRequest(httpMethod=PUT, protocol=https, host=usu-cs5260-waffle-requests.s3.amazonaws.com, port=443, encodedPath=/1666748971542, headers=[amz-sdk-invocation-id, Content-Length, Content-Type, Expect, User-Agent], queryParameters=[])
2022-10-26 01:49:31,562 [Thread-0] DEBUG software.amazon.awssdk.auth.signer.Aws4Signer - AWS4 String to sign: AWS4-HMAC-SHA256
20221026T014931Z
20221026/us-east-1/s3/aws4_request
ceece46a327b8ad18cd4f9005668d832980ca51ee289c9b189d5fcd313c6b70d
2022-10-26 01:49:31,606 [Thread-0] DEBUG software.amazon.awssdk.request - Received successful response: 200
2022-10-26 01:49:31,607 [Thread-0] INFO edu.usu.cs5260.producer.RequestGenerator - Generate a Create request
2022-10-26 01:49:31,618 [Thread-0] DEBUG software.amazon.awssdk.core.interceptor.ExecutionInterceptorChain - Creating an interceptor chain that will apply interceptors in the following order: [software.amazon.awssdk.core.internal.interceptor.HttpChecksumRequiredInterceptor@546e50f8, software.amazon.awssdk.awscore.interceptor.HelpfulUnknownHostExceptionInterceptor@fe18968, software.amazon.awssdk.services.s3.internal.handlers.EnableChunkedEncodingInterceptor@76b121c0, software.amazon.awssdk.services.s3.internal.handlers.DisableDoubleUrlEncodingInterceptor@798e1bff, software.amazon.awssdk.services.s3.internal.handlers.EnableTrailingChecksumInterceptor@5f417da6, software.amazon.awssdk.services.s3.internal.handlers.CreateMultipartUploadRequestInterceptor@5c6805ef, software.amazon.awssdk.services.s3.internal.handlers.GetObjectInterceptor@23289083, software.amazon.awssdk.services.s3.internal.handlers.AsyncChecksumValidationInterceptor@2af036fa, software.amazon.awssdk.services.s3.internal.handlers.EndpointAddressInterceptor@7e88d24f, software.amazon.awssdk.services.s3.internal.handlers.ExceptionTranslationInterceptor@62d3f70c, software.amazon.awssdk.services.s3.internal.handlers.GetBucketPolicyInterceptor@598cf5d, software.amazon.awssdk.services.s3.internal.handlers.PutObjectInterceptor@2e746ef2, software.amazon.awssdk.services.s3.internal.handlers.SyncChecksumValidationInterceptor@16d6cbd9, software.amazon.awssdk.services.s3.internal.handlers.DecodeUrlEncodedResponseInterceptor@6bc03598, software.amazon.awssdk.services.s3.internal.handlers.CreateBucketInterceptor@28e1fd9a]
2022-10-26 01:49:31,619 [Thread-0] DEBUG software.amazon.awssdk.core.interceptor.ExecutionInterceptorChain - Interceptor 'software.amazon.awssdk.services.s3.internal.handlers.EndpointAddressInterceptor@7e88d24f' modified the message with its modifyHttpRequest method.
2022-10-26 01:49:31,619 [Thread-0] DEBUG software.amazon.awssdk.core.interceptor.ExecutionInterceptorChain - Interceptor 'software.amazon.awssdk.services.s3.internal.handlers.PutObjectInterceptor@2e746ef2' modified the message with its modifyHttpRequest method.
2022-10-26 01:49:31,620 [Thread-0] DEBUG software.amazon.awssdk.request - Sending Request: DefaultSdkHttpFullRequest(httpMethod=PUT, protocol=https, host=usu-cs5260-waffle-requests.s3.amazonaws.com, port=443, encodedPath=/1666748971617, headers=[amz-sdk-invocation-id, Content-Length, Content-Type, Expect, User-Agent], queryParameters=[])
2022-10-26 01:49:31,637 [Thread-0] DEBUG software.amazon.awssdk.auth.signer.Aws4Signer - AWS4 String to sign: AWS4-HMAC-SHA256
20221026T014931Z
20221026/us-east-1/s3/aws4_request
96f9b48c43416e9a85d5c665ad542545846b8739dc604001ce873a0bb4645d71
2022-10-26 01:49:31,667 [Thread-0] DEBUG software.amazon.awssdk.request - Received successful response: 200
2022-10-26 01:49:31,670 [Thread-0] INFO edu.usu.cs5260.producer.RequestGenerator - Generate an Update request
2022-10-26 01:49:31,691 [Thread-0] DEBUG software.amazon.awssdk.core.interceptor.ExecutionInterceptorChain - Creating an interceptor chain that will apply interceptors in the following order: [software.amazon.awssdk.core.internal.interceptor.HttpChecksumRequiredInterceptor@546e50f8, software.amazon.awssdk.awscore.interceptor.HelpfulUnknownHostExceptionInterceptor@fe18968, software.amazon.awssdk.services.s3.internal.handlers.EnableChunkedEncodingInterceptor@76b121c0, software.amazon.awssdk.services.s3.internal.handlers.DisableDoubleUrlEncodingInterceptor@798e1bff, software.amazon.awssdk.services.s3.internal.handlers.EnableTrailingChecksumInterceptor@5f417da6, software.amazon.awssdk.services.s3.internal.handlers.CreateMultipartUploadRequestInterceptor@5c6805ef, software.amazon.awssdk.services.s3.internal.handlers.GetObjectInterceptor@23289083, software.amazon.awssdk.services.s3.internal.handlers.AsyncChecksumValidationInterceptor@2af036fa, software.amazon.awssdk.services.s3.internal.handlers.EndpointAddressInterceptor@7e88d24f, software.amazon.awssdk.services.s3.internal.handlers.ExceptionTranslationInterceptor@62d3f70c, software.amazon.awssdk.services.s3.internal.handlers.GetBucketPolicyInterceptor@598cf5d, software.amazon.awssdk.services.s3.internal.handlers.PutObjectInterceptor@2e746ef2, software.amazon.awssdk.services.s3.internal.handlers.SyncChecksumValidationInterceptor@16d6cbd9, software.amazon.awssdk.services.s3.internal.handlers.DecodeUrlEncodedResponseInterceptor@6bc03598, software.amazon.awssdk.services.s3.internal.handlers.CreateBucketInterceptor@28e1fd9a]
2022-10-26 01:49:31,693 [Thread-0] DEBUG software.amazon.awssdk.core.interceptor.ExecutionInterceptorChain - Interceptor 'software.amazon.awssdk.services.s3.internal.handlers.EndpointAddressInterceptor@7e88d24f' modified the message with its modifyHttpRequest method.
2022-10-26 01:49:31,693 [Thread-0] DEBUG software.amazon.awssdk.core.interceptor.ExecutionInterceptorChain - Interceptor 'software.amazon.awssdk.services.s3.internal.handlers.PutObjectInterceptor@2e746ef2' modified the message with its modifyHttpRequest method.
2022-10-26 01:49:31,695 [Thread-0] DEBUG software.amazon.awssdk.request - Sending Request: DefaultSdkHttpFullRequest(httpMethod=PUT, protocol=https, host=usu-cs5260-waffle-requests.s3.amazonaws.com, port=443, encodedPath=/1666748971672, headers=[amz-sdk-invocation-id, Content-Length, Content-Type, Expect, User-Agent], queryParameters=[])
2022-10-26 01:49:31,697 [Thread-0] DEBUG software.amazon.awssdk.auth.signer.Aws4Signer - AWS4 String to sign: AWS4-HMAC-SHA256
20221026T014931Z
20221026/us-east-1/s3/aws4_request
67d4fa8b17402eabd25732303067e29191234bcdfbd3505aae541694d7db2ec7
2022-10-26 01:49:31,732 [Thread-0] DEBUG software.amazon.awssdk.request - Received successful response: 200
2022-10-26 01:49:31,835 [Thread-0] INFO edu.usu.cs5260.producer.RequestGenerator - Generate a Create request
2022-10-26 01:49:31,836 [Thread-0] DEBUG software.amazon.awssdk.core.interceptor.ExecutionInterceptorChain - Creating an interceptor chain that will apply interceptors in the following order: [software.amazon.awssdk.core.internal.interceptor.HttpChecksumRequiredInterceptor@546e50f8, software.amazon.awssdk.awscore.interceptor.HelpfulUnknownHostExceptionInterceptor@fe18968, software.amazon.awssdk.services.s3.internal.handlers.EnableChunkedEncodingInterceptor@76b121c0, software.amazon.awssdk.services.s3.internal.handlers.DisableDoubleUrlEncodingInterceptor@798e1bff, software.amazon.awssdk.services.s3.internal.handlers.EnableTrailingChecksumInterceptor@5f417da6, software.amazon.awssdk.services.s3.internal.handlers.CreateMultipartUploadRequestInterceptor@5c6805ef, software.amazon.awssdk.services.s3.internal.handlers.GetObjectInterceptor@23289083, software.amazon.awssdk.services.s3.internal.handlers.AsyncChecksumValidationInterceptor@2af036fa, software.amazon.awssdk.services.s3.internal.handlers.EndpointAddressInterceptor@7e88d24f, software.amazon.awssdk.services.s3.internal.handlers.ExceptionTranslationInterceptor@62d3f70c, software.amazon.awssdk.services.s3.internal.handlers.GetBucketPolicyInterceptor@598cf5d, software.amazon.awssdk.services.s3.internal.handlers.PutObjectInterceptor@2e746ef2, software.amazon.awssdk.services.s3.internal.handlers.SyncChecksumValidationInterceptor@16d6cbd9, software.amazon.awssdk.services.s3.internal.handlers.DecodeUrlEncodedResponseInterceptor@6bc03598, software.amazon.awssdk.services.s3.internal.handlers.CreateBucketInterceptor@28e1fd9a]
2022-10-26 01:49:31,839 [Thread-0] DEBUG software.amazon.awssdk.core.interceptor.ExecutionInterceptorChain - Interceptor 'software.amazon.awssdk.services.s3.internal.handlers.EndpointAddressInterceptor@7e88d24f' modified the message with its modifyHttpRequest method.
2022-10-26 01:49:31,839 [Thread-0] DEBUG software.amazon.awssdk.core.interceptor.ExecutionInterceptorChain - Interceptor 'software.amazon.awssdk.services.s3.internal.handlers.PutObjectInterceptor@2e746ef2' modified the message with its modifyHttpRequest method.
2022-10-26 01:49:31,840 [Thread-0] DEBUG software.amazon.awssdk.request - Sending Request: DefaultSdkHttpFullRequest(httpMethod=PUT, protocol=https, host=usu-cs5260-waffle-requests.s3.amazonaws.com, port=443, encodedPath=/1666748971835, headers=[amz-sdk-invocation-id, Content-Length, Content-Type, Expect, User-Agent], queryParameters=[])
2022-10-26 01:49:31,850 [Thread-0] DEBUG software.amazon.awssdk.auth.signer.Aws4Signer - AWS4 String to sign: AWS4-HMAC-SHA256
20221026T014931Z
20221026/us-east-1/s3/aws4_request
ace7db9d73214779b9a362fd816f7d9e9936f8bc003b43c65766d71d9f4c09fc
2022-10-26 01:49:31,884 [Thread-0] DEBUG software.amazon.awssdk.request - Received successful response: 200
2022-10-26 01:49:31,890 [Thread-0] INFO edu.usu.cs5260.producer.RequestGenerator - Generate a Create request
2022-10-26 01:49:31,891 [Thread-0] DEBUG software.amazon.awssdk.core.interceptor.ExecutionInterceptorChain - Creating an interceptor chain that will apply interceptors in the following order: [software.amazon.awssdk.core.internal.interceptor.HttpChecksumRequiredInterceptor@546e50f8, software.amazon.awssdk.awscore.interceptor.HelpfulUnknownHostExceptionInterceptor@fe18968, software.amazon.awssdk.services.s3.internal.handlers.EnableChunkedEncodingInterceptor@76b121c0, software.amazon.awssdk.services.s3.internal.handlers.DisableDoubleUrlEncodingInterceptor@798e1bff, software.amazon.awssdk.services.s3.internal.handlers.EnableTrailingChecksumInterceptor@5f417da6, software.amazon.awssdk.services.s3.internal.handlers.CreateMultipartUploadRequestInterceptor@5c6805ef, software.amazon.awssdk.services.s3.internal.handlers.GetObjectInterceptor@23289083, software.amazon.awssdk.services.s3.internal.handlers.AsyncChecksumValidationInterceptor@2af036fa, software.amazon.awssdk.services.s3.internal.handlers.EndpointAddressInterceptor@7e88d24f, software.amazon.awssdk.services.s3.internal.handlers.ExceptionTranslationInterceptor@62d3f70c, software.amazon.awssdk.services.s3.internal.handlers.GetBucketPolicyInterceptor@598cf5d, software.amazon.awssdk.services.s3.internal.handlers.PutObjectInterceptor@2e746ef2, software.amazon.awssdk.services.s3.internal.handlers.SyncChecksumValidationInterceptor@16d6cbd9, software.amazon.awssdk.services.s3.internal.handlers.DecodeUrlEncodedResponseInterceptor@6bc03598, software.amazon.awssdk.services.s3.internal.handlers.CreateBucketInterceptor@28e1fd9a]
2022-10-26 01:49:31,892 [Thread-0] DEBUG software.amazon.awssdk.core.interceptor.ExecutionInterceptorChain - Interceptor 'software.amazon.awssdk.services.s3.internal.handlers.EndpointAddressInterceptor@7e88d24f' modified the message with its modifyHttpRequest method.
2022-10-26 01:49:31,893 [Thread-0] DEBUG software.amazon.awssdk.core.interceptor.ExecutionInterceptorChain - Interceptor 'software.amazon.awssdk.services.s3.internal.handlers.PutObjectInterceptor@2e746ef2' modified the message with its modifyHttpRequest method.
2022-10-26 01:49:31,897 [Thread-0] DEBUG software.amazon.awssdk.request - Sending Request: DefaultSdkHttpFullRequest(httpMethod=PUT, protocol=https, host=usu-cs5260-waffle-requests.s3.amazonaws.com, port=443, encodedPath=/1666748971891, headers=[amz-sdk-invocation-id, Content-Length, Content-Type, Expect, User-Agent], queryParameters=[])
2022-10-26 01:49:31,901 [Thread-0] DEBUG software.amazon.awssdk.auth.signer.Aws4Signer - AWS4 String to sign: AWS4-HMAC-SHA256
20221026T014931Z
20221026/us-east-1/s3/aws4_request
ed4be0a039799b77cb743d4c6bd3de040392bd462a4e7506096baaebe64b3831
2022-10-26 01:49:31,935 [Thread-0] DEBUG software.amazon.awssdk.request - Received successful response: 200
2022-10-26 01:49:31,937 [Thread-0] INFO edu.usu.cs5260.producer.RequestGenerator - Generate an Update request
2022-10-26 01:49:31,939 [Thread-0] DEBUG software.amazon.awssdk.core.interceptor.ExecutionInterceptorChain - Creating an interceptor chain that will apply interceptors in the following order: [software.amazon.awssdk.core.internal.interceptor.HttpChecksumRequiredInterceptor@546e50f8, software.amazon.awssdk.awscore.interceptor.HelpfulUnknownHostExceptionInterceptor@fe18968, software.amazon.awssdk.services.s3.internal.handlers.EnableChunkedEncodingInterceptor@76b121c0, software.amazon.awssdk.services.s3.internal.handlers.DisableDoubleUrlEncodingInterceptor@798e1bff, software.amazon.awssdk.services.s3.internal.handlers.EnableTrailingChecksumInterceptor@5f417da6, software.amazon.awssdk.services.s3.internal.handlers.CreateMultipartUploadRequestInterceptor@5c6805ef, software.amazon.awssdk.services.s3.internal.handlers.GetObjectInterceptor@23289083, software.amazon.awssdk.services.s3.internal.handlers.AsyncChecksumValidationInterceptor@2af036fa, software.amazon.awssdk.services.s3.internal.handlers.EndpointAddressInterceptor@7e88d24f, software.amazon.awssdk.services.s3.internal.handlers.ExceptionTranslationInterceptor@62d3f70c, software.amazon.awssdk.services.s3.internal.handlers.GetBucketPolicyInterceptor@598cf5d, software.amazon.awssdk.services.s3.internal.handlers.PutObjectInterceptor@2e746ef2, software.amazon.awssdk.services.s3.internal.handlers.SyncChecksumValidationInterceptor@16d6cbd9, software.amazon.awssdk.services.s3.internal.handlers.DecodeUrlEncodedResponseInterceptor@6bc03598, software.amazon.awssdk.services.s3.internal.handlers.CreateBucketInterceptor@28e1fd9a]
2022-10-26 01:49:31,940 [Thread-0] DEBUG software.amazon.awssdk.core.interceptor.ExecutionInterceptorChain - Interceptor 'software.amazon.awssdk.services.s3.internal.handlers.EndpointAddressInterceptor@7e88d24f' modified the message with its modifyHttpRequest method.
2022-10-26 01:49:31,940 [Thread-0] DEBUG software.amazon.awssdk.core.interceptor.ExecutionInterceptorChain - Interceptor 'software.amazon.awssdk.services.s3.internal.handlers.PutObjectInterceptor@2e746ef2' modified the message with its modifyHttpRequest method.
2022-10-26 01:49:31,940 [Thread-0] DEBUG software.amazon.awssdk.request - Sending Request: DefaultSdkHttpFullRequest(httpMethod=PUT, protocol=https, host=usu-cs5260-waffle-requests.s3.amazonaws.com, port=443, encodedPath=/1666748971938, headers=[amz-sdk-invocation-id, Content-Length, Content-Type, Expect, User-Agent], queryParameters=[])
2022-10-26 01:49:31,948 [Thread-0] DEBUG software.amazon.awssdk.auth.signer.Aws4Signer - AWS4 String to sign: AWS4-HMAC-SHA256
20221026T014931Z
20221026/us-east-1/s3/aws4_request
acad0e885f9c31f89755859a242f01bf0c33ee8f4587e7caf544cd04d5208295
2022-10-26 01:49:31,984 [Thread-0] DEBUG software.amazon.awssdk.request - Received successful response: 200
2022-10-26 01:49:32,085 [Thread-0] INFO edu.usu.cs5260.producer.RequestGenerator - Generate a Delete request
2022-10-26 01:49:32,092 [Thread-0] DEBUG software.amazon.awssdk.core.interceptor.ExecutionInterceptorChain - Creating an interceptor chain that will apply interceptors in the following order: [software.amazon.awssdk.core.internal.interceptor.HttpChecksumRequiredInterceptor@546e50f8, software.amazon.awssdk.awscore.interceptor.HelpfulUnknownHostExceptionInterceptor@fe18968, software.amazon.awssdk.services.s3.internal.handlers.EnableChunkedEncodingInterceptor@76b121c0, software.amazon.awssdk.services.s3.internal.handlers.DisableDoubleUrlEncodingInterceptor@798e1bff, software.amazon.awssdk.services.s3.internal.handlers.EnableTrailingChecksumInterceptor@5f417da6, software.amazon.awssdk.services.s3.internal.handlers.CreateMultipartUploadRequestInterceptor@5c6805ef, software.amazon.awssdk.services.s3.internal.handlers.GetObjectInterceptor@23289083, software.amazon.awssdk.services.s3.internal.handlers.AsyncChecksumValidationInterceptor@2af036fa, software.amazon.awssdk.services.s3.internal.handlers.EndpointAddressInterceptor@7e88d24f, software.amazon.awssdk.services.s3.internal.handlers.ExceptionTranslationInterceptor@62d3f70c, software.amazon.awssdk.services.s3.internal.handlers.GetBucketPolicyInterceptor@598cf5d, software.amazon.awssdk.services.s3.internal.handlers.PutObjectInterceptor@2e746ef2, software.amazon.awssdk.services.s3.internal.handlers.SyncChecksumValidationInterceptor@16d6cbd9, software.amazon.awssdk.services.s3.internal.handlers.DecodeUrlEncodedResponseInterceptor@6bc03598, software.amazon.awssdk.services.s3.internal.handlers.CreateBucketInterceptor@28e1fd9a]
2022-10-26 01:49:32,094 [Thread-0] DEBUG software.amazon.awssdk.core.interceptor.ExecutionInterceptorChain - Interceptor 'software.amazon.awssdk.services.s3.internal.handlers.EndpointAddressInterceptor@7e88d24f' modified the message with its modifyHttpRequest method.
2022-10-26 01:49:32,095 [Thread-0] DEBUG software.amazon.awssdk.core.interceptor.ExecutionInterceptorChain - Interceptor 'software.amazon.awssdk.services.s3.internal.handlers.PutObjectInterceptor@2e746ef2' modified the message with its modifyHttpRequest method.
2022-10-26 01:49:32,096 [Thread-0] DEBUG software.amazon.awssdk.request - Sending Request: DefaultSdkHttpFullRequest(httpMethod=PUT, protocol=https, host=usu-cs5260-waffle-requests.s3.amazonaws.com, port=443, encodedPath=/1666748972086, headers=[amz-sdk-invocation-id, Content-Length, Content-Type, Expect, User-Agent], queryParameters=[])
2022-10-26 01:49:32,096 [Thread-0] DEBUG software.amazon.awssdk.auth.signer.Aws4Signer - AWS4 String to sign: AWS4-HMAC-SHA256
20221026T014932Z
20221026/us-east-1/s3/aws4_request
f6a7ddfa2eadeb566977f155a676a69a4bb6112999401d2e7ff785a03c2b7cba
2022-10-26 01:49:32,152 [Thread-0] DEBUG software.amazon.awssdk.request - Received successful response: 200
2022-10-26 01:49:32,256 [Thread-0] INFO edu.usu.cs5260.producer.RequestGenerator - Generate a Create request
2022-10-26 01:49:32,257 [Thread-0] DEBUG software.amazon.awssdk.core.interceptor.ExecutionInterceptorChain - Creating an interceptor chain that will apply interceptors in the following order: [software.amazon.awssdk.core.internal.interceptor.HttpChecksumRequiredInterceptor@546e50f8, software.amazon.awssdk.awscore.interceptor.HelpfulUnknownHostExceptionInterceptor@fe18968, software.amazon.awssdk.services.s3.internal.handlers.EnableChunkedEncodingInterceptor@76b121c0, software.amazon.awssdk.services.s3.internal.handlers.DisableDoubleUrlEncodingInterceptor@798e1bff, software.amazon.awssdk.services.s3.internal.handlers.EnableTrailingChecksumInterceptor@5f417da6, software.amazon.awssdk.services.s3.internal.handlers.CreateMultipartUploadRequestInterceptor@5c6805ef, software.amazon.awssdk.services.s3.internal.handlers.GetObjectInterceptor@23289083, software.amazon.awssdk.services.s3.internal.handlers.AsyncChecksumValidationInterceptor@2af036fa, software.amazon.awssdk.services.s3.internal.handlers.EndpointAddressInterceptor@7e88d24f, software.amazon.awssdk.services.s3.internal.handlers.ExceptionTranslationInterceptor@62d3f70c, software.amazon.awssdk.services.s3.internal.handlers.GetBucketPolicyInterceptor@598cf5d, software.amazon.awssdk.services.s3.internal.handlers.PutObjectInterceptor@2e746ef2, software.amazon.awssdk.services.s3.internal.handlers.SyncChecksumValidationInterceptor@16d6cbd9, software.amazon.awssdk.services.s3.internal.handlers.DecodeUrlEncodedResponseInterceptor@6bc03598, software.amazon.awssdk.services.s3.internal.handlers.CreateBucketInterceptor@28e1fd9a]
2022-10-26 01:49:32,258 [Thread-0] DEBUG software.amazon.awssdk.core.interceptor.ExecutionInterceptorChain - Interceptor 'software.amazon.awssdk.services.s3.internal.handlers.EndpointAddressInterceptor@7e88d24f' modified the message with its modifyHttpRequest method.
2022-10-26 01:49:32,258 [Thread-0] DEBUG software.amazon.awssdk.core.interceptor.ExecutionInterceptorChain - Interceptor 'software.amazon.awssdk.services.s3.internal.handlers.PutObjectInterceptor@2e746ef2' modified the message with its modifyHttpRequest method.
2022-10-26 01:49:32,258 [Thread-0] DEBUG software.amazon.awssdk.request - Sending Request: DefaultSdkHttpFullRequest(httpMethod=PUT, protocol=https, host=usu-cs5260-waffle-requests.s3.amazonaws.com, port=443, encodedPath=/1666748972256, headers=[amz-sdk-invocation-id, Content-Length, Content-Type, Expect, User-Agent], queryParameters=[])
2022-10-26 01:49:32,259 [Thread-0] DEBUG software.amazon.awssdk.auth.signer.Aws4Signer - AWS4 String to sign: AWS4-HMAC-SHA256
20221026T014932Z
20221026/us-east-1/s3/aws4_request
a15a6bcc8670625b6b305e789bb94793ebeefb7f71747b810bdb3fd9756770c1
2022-10-26 01:49:32,295 [Thread-0] DEBUG software.amazon.awssdk.request - Received successful response: 200
2022-10-26 01:49:32,296 [Thread-0] INFO edu.usu.cs5260.producer.RequestGenerator - Generate a Create request
2022-10-26 01:49:32,298 [Thread-0] DEBUG software.amazon.awssdk.core.interceptor.ExecutionInterceptorChain - Creating an interceptor chain that will apply interceptors in the following order: [software.amazon.awssdk.core.internal.interceptor.HttpChecksumRequiredInterceptor@546e50f8, software.amazon.awssdk.awscore.interceptor.HelpfulUnknownHostExceptionInterceptor@fe18968, software.amazon.awssdk.services.s3.internal.handlers.EnableChunkedEncodingInterceptor@76b121c0, software.amazon.awssdk.services.s3.internal.handlers.DisableDoubleUrlEncodingInterceptor@798e1bff, software.amazon.awssdk.services.s3.internal.handlers.EnableTrailingChecksumInterceptor@5f417da6, software.amazon.awssdk.services.s3.internal.handlers.CreateMultipartUploadRequestInterceptor@5c6805ef, software.amazon.awssdk.services.s3.internal.handlers.GetObjectInterceptor@23289083, software.amazon.awssdk.services.s3.internal.handlers.AsyncChecksumValidationInterceptor@2af036fa, software.amazon.awssdk.services.s3.internal.handlers.EndpointAddressInterceptor@7e88d24f, software.amazon.awssdk.services.s3.internal.handlers.ExceptionTranslationInterceptor@62d3f70c, software.amazon.awssdk.services.s3.internal.handlers.GetBucketPolicyInterceptor@598cf5d, software.amazon.awssdk.services.s3.internal.handlers.PutObjectInterceptor@2e746ef2, software.amazon.awssdk.services.s3.internal.handlers.SyncChecksumValidationInterceptor@16d6cbd9, software.amazon.awssdk.services.s3.internal.handlers.DecodeUrlEncodedResponseInterceptor@6bc03598, software.amazon.awssdk.services.s3.internal.handlers.CreateBucketInterceptor@28e1fd9a]
2022-10-26 01:49:32,298 [Thread-0] DEBUG software.amazon.awssdk.core.interceptor.ExecutionInterceptorChain - Interceptor 'software.amazon.awssdk.services.s3.internal.handlers.EndpointAddressInterceptor@7e88d24f' modified the message with its modifyHttpRequest method.
2022-10-26 01:49:32,299 [Thread-0] DEBUG software.amazon.awssdk.core.interceptor.ExecutionInterceptorChain - Interceptor 'software.amazon.awssdk.services.s3.internal.handlers.PutObjectInterceptor@2e746ef2' modified the message with its modifyHttpRequest method.
2022-10-26 01:49:32,299 [Thread-0] DEBUG software.amazon.awssdk.request - Sending Request: DefaultSdkHttpFullRequest(httpMethod=PUT, protocol=https, host=usu-cs5260-waffle-requests.s3.amazonaws.com, port=443, encodedPath=/1666748972297, headers=[amz-sdk-invocation-id, Content-Length, Content-Type, Expect, User-Agent], queryParameters=[])
2022-10-26 01:49:32,300 [Thread-0] DEBUG software.amazon.awssdk.auth.signer.Aws4Signer - AWS4 String to sign: AWS4-HMAC-SHA256
20221026T014932Z
20221026/us-east-1/s3/aws4_request
a41fc8ff86067776e5ffcc3ef7e76aa8dc9aa2848c261db82e1ae22e36a70f13
2022-10-26 01:49:32,351 [Thread-0] DEBUG software.amazon.awssdk.request - Received successful response: 200
2022-10-26 01:49:32,351 [Thread-0] INFO edu.usu.cs5260.producer.RequestGenerator - Generate a Create request
2022-10-26 01:49:32,354 [Thread-0] DEBUG software.amazon.awssdk.core.interceptor.ExecutionInterceptorChain - Creating an interceptor chain that will apply interceptors in the following order: [software.amazon.awssdk.core.internal.interceptor.HttpChecksumRequiredInterceptor@546e50f8, software.amazon.awssdk.awscore.interceptor.HelpfulUnknownHostExceptionInterceptor@fe18968, software.amazon.awssdk.services.s3.internal.handlers.EnableChunkedEncodingInterceptor@76b121c0, software.amazon.awssdk.services.s3.internal.handlers.DisableDoubleUrlEncodingInterceptor@798e1bff, software.amazon.awssdk.services.s3.internal.handlers.EnableTrailingChecksumInterceptor@5f417da6, software.amazon.awssdk.services.s3.internal.handlers.CreateMultipartUploadRequestInterceptor@5c6805ef, software.amazon.awssdk.services.s3.internal.handlers.GetObjectInterceptor@23289083, software.amazon.awssdk.services.s3.internal.handlers.AsyncChecksumValidationInterceptor@2af036fa, software.amazon.awssdk.services.s3.internal.handlers.EndpointAddressInterceptor@7e88d24f, software.amazon.awssdk.services.s3.internal.handlers.ExceptionTranslationInterceptor@62d3f70c, software.amazon.awssdk.services.s3.internal.handlers.GetBucketPolicyInterceptor@598cf5d, software.amazon.awssdk.services.s3.internal.handlers.PutObjectInterceptor@2e746ef2, software.amazon.awssdk.services.s3.internal.handlers.SyncChecksumValidationInterceptor@16d6cbd9, software.amazon.awssdk.services.s3.internal.handlers.DecodeUrlEncodedResponseInterceptor@6bc03598, software.amazon.awssdk.services.s3.internal.handlers.CreateBucketInterceptor@28e1fd9a]
2022-10-26 01:49:32,355 [Thread-0] DEBUG software.amazon.awssdk.core.interceptor.ExecutionInterceptorChain - Interceptor 'software.amazon.awssdk.services.s3.internal.handlers.EndpointAddressInterceptor@7e88d24f' modified the message with its modifyHttpRequest method.
2022-10-26 01:49:32,355 [Thread-0] DEBUG software.amazon.awssdk.core.interceptor.ExecutionInterceptorChain - Interceptor 'software.amazon.awssdk.services.s3.internal.handlers.PutObjectInterceptor@2e746ef2' modified the message with its modifyHttpRequest method.
2022-10-26 01:49:32,356 [Thread-0] DEBUG software.amazon.awssdk.request - Sending Request: DefaultSdkHttpFullRequest(httpMethod=PUT, protocol=https, host=usu-cs5260-waffle-requests.s3.amazonaws.com, port=443, encodedPath=/1666748972354, headers=[amz-sdk-invocation-id, Content-Length, Content-Type, Expect, User-Agent], queryParameters=[])
2022-10-26 01:49:32,356 [Thread-0] DEBUG software.amazon.awssdk.auth.signer.Aws4Signer - AWS4 String to sign: AWS4-HMAC-SHA256
20221026T014932Z
20221026/us-east-1/s3/aws4_request
5c1f29797376940fe67128ce14b029d4d969ba09c25f51e6a792c00dbaede1db
2022-10-26 01:49:32,396 [Thread-0] DEBUG software.amazon.awssdk.request - Received successful response: 200
2022-10-26 01:49:32,397 [Thread-0] INFO edu.usu.cs5260.producer.RequestGenerator - Generate an Update request
2022-10-26 01:49:32,398 [Thread-0] DEBUG software.amazon.awssdk.core.interceptor.ExecutionInterceptorChain - Creating an interceptor chain that will apply interceptors in the following order: [software.amazon.awssdk.core.internal.interceptor.HttpChecksumRequiredInterceptor@546e50f8, software.amazon.awssdk.awscore.interceptor.HelpfulUnknownHostExceptionInterceptor@fe18968, software.amazon.awssdk.services.s3.internal.handlers.EnableChunkedEncodingInterceptor@76b121c0, software.amazon.awssdk.services.s3.internal.handlers.DisableDoubleUrlEncodingInterceptor@798e1bff, software.amazon.awssdk.services.s3.internal.handlers.EnableTrailingChecksumInterceptor@5f417da6, software.amazon.awssdk.services.s3.internal.handlers.CreateMultipartUploadRequestInterceptor@5c6805ef, software.amazon.awssdk.services.s3.internal.handlers.GetObjectInterceptor@23289083, software.amazon.awssdk.services.s3.internal.handlers.AsyncChecksumValidationInterceptor@2af036fa, software.amazon.awssdk.services.s3.internal.handlers.EndpointAddressInterceptor@7e88d24f, software.amazon.awssdk.services.s3.internal.handlers.ExceptionTranslationInterceptor@62d3f70c, software.amazon.awssdk.services.s3.internal.handlers.GetBucketPolicyInterceptor@598cf5d, software.amazon.awssdk.services.s3.internal.handlers.PutObjectInterceptor@2e746ef2, software.amazon.awssdk.services.s3.internal.handlers.SyncChecksumValidationInterceptor@16d6cbd9, software.amazon.awssdk.services.s3.internal.handlers.DecodeUrlEncodedResponseInterceptor@6bc03598, software.amazon.awssdk.services.s3.internal.handlers.CreateBucketInterceptor@28e1fd9a]
2022-10-26 01:49:32,399 [Thread-0] DEBUG software.amazon.awssdk.core.interceptor.ExecutionInterceptorChain - Interceptor 'software.amazon.awssdk.services.s3.internal.handlers.EndpointAddressInterceptor@7e88d24f' modified the message with its modifyHttpRequest method.
2022-10-26 01:49:32,399 [Thread-0] DEBUG software.amazon.awssdk.core.interceptor.ExecutionInterceptorChain - Interceptor 'software.amazon.awssdk.services.s3.internal.handlers.PutObjectInterceptor@2e746ef2' modified the message with its modifyHttpRequest method.
2022-10-26 01:49:32,400 [Thread-0] DEBUG software.amazon.awssdk.request - Sending Request: DefaultSdkHttpFullRequest(httpMethod=PUT, protocol=https, host=usu-cs5260-waffle-requests.s3.amazonaws.com, port=443, encodedPath=/1666748972398, headers=[amz-sdk-invocation-id, Content-Length, Content-Type, Expect, User-Agent], queryParameters=[])
2022-10-26 01:49:32,400 [Thread-0] DEBUG software.amazon.awssdk.auth.signer.Aws4Signer - AWS4 String to sign: AWS4-HMAC-SHA256
20221026T014932Z
20221026/us-east-1/s3/aws4_request
7b8b0ccdc4c64c3caa4bccad0f574fc1980e0d0611276c52fcd1056d60d09c08
2022-10-26 01:49:32,439 [Thread-0] DEBUG software.amazon.awssdk.request - Received successful response: 200
2022-10-26 01:49:32,541 [Thread-0] INFO edu.usu.cs5260.producer.RequestGenerator - Generate a Create request
2022-10-26 01:49:32,544 [Thread-0] DEBUG software.amazon.awssdk.core.interceptor.ExecutionInterceptorChain - Creating an interceptor chain that will apply interceptors in the following order: [software.amazon.awssdk.core.internal.interceptor.HttpChecksumRequiredInterceptor@546e50f8, software.amazon.awssdk.awscore.interceptor.HelpfulUnknownHostExceptionInterceptor@fe18968, software.amazon.awssdk.services.s3.internal.handlers.EnableChunkedEncodingInterceptor@76b121c0, software.amazon.awssdk.services.s3.internal.handlers.DisableDoubleUrlEncodingInterceptor@798e1bff, software.amazon.awssdk.services.s3.internal.handlers.EnableTrailingChecksumInterceptor@5f417da6, software.amazon.awssdk.services.s3.internal.handlers.CreateMultipartUploadRequestInterceptor@5c6805ef, software.amazon.awssdk.services.s3.internal.handlers.GetObjectInterceptor@23289083, software.amazon.awssdk.services.s3.internal.handlers.AsyncChecksumValidationInterceptor@2af036fa, software.amazon.awssdk.services.s3.internal.handlers.EndpointAddressInterceptor@7e88d24f, software.amazon.awssdk.services.s3.internal.handlers.ExceptionTranslationInterceptor@62d3f70c, software.amazon.awssdk.services.s3.internal.handlers.GetBucketPolicyInterceptor@598cf5d, software.amazon.awssdk.services.s3.internal.handlers.PutObjectInterceptor@2e746ef2, software.amazon.awssdk.services.s3.internal.handlers.SyncChecksumValidationInterceptor@16d6cbd9, software.amazon.awssdk.services.s3.internal.handlers.DecodeUrlEncodedResponseInterceptor@6bc03598, software.amazon.awssdk.services.s3.internal.handlers.CreateBucketInterceptor@28e1fd9a]
2022-10-26 01:49:32,545 [Thread-0] DEBUG software.amazon.awssdk.core.interceptor.ExecutionInterceptorChain - Interceptor 'software.amazon.awssdk.services.s3.internal.handlers.EndpointAddressInterceptor@7e88d24f' modified the message with its modifyHttpRequest method.
2022-10-26 01:49:32,545 [Thread-0] DEBUG software.amazon.awssdk.core.interceptor.ExecutionInterceptorChain - Interceptor 'software.amazon.awssdk.services.s3.internal.handlers.PutObjectInterceptor@2e746ef2' modified the message with its modifyHttpRequest method.
2022-10-26 01:49:32,545 [Thread-0] DEBUG software.amazon.awssdk.request - Sending Request: DefaultSdkHttpFullRequest(httpMethod=PUT, protocol=https, host=usu-cs5260-waffle-requests.s3.amazonaws.com, port=443, encodedPath=/1666748972543, headers=[amz-sdk-invocation-id, Content-Length, Content-Type, Expect, User-Agent], queryParameters=[])
2022-10-26 01:49:32,546 [Thread-0] DEBUG software.amazon.awssdk.auth.signer.Aws4Signer - AWS4 String to sign: AWS4-HMAC-SHA256
20221026T014932Z
20221026/us-east-1/s3/aws4_request
85c8c83f0f75fd32197d57f046bec56e9f6ac903422ea2392d8f9568d82ec91d
2022-10-26 01:49:32,579 [Thread-0] DEBUG software.amazon.awssdk.request - Received successful response: 200
2022-10-26 01:49:32,581 [Thread-0] INFO edu.usu.cs5260.producer.RequestGenerator - Generate a Create request
2022-10-26 01:49:32,588 [Thread-0] DEBUG software.amazon.awssdk.core.interceptor.ExecutionInterceptorChain - Creating an interceptor chain that will apply interceptors in the following order: [software.amazon.awssdk.core.internal.interceptor.HttpChecksumRequiredInterceptor@546e50f8, software.amazon.awssdk.awscore.interceptor.HelpfulUnknownHostExceptionInterceptor@fe18968, software.amazon.awssdk.services.s3.internal.handlers.EnableChunkedEncodingInterceptor@76b121c0, software.amazon.awssdk.services.s3.internal.handlers.DisableDoubleUrlEncodingInterceptor@798e1bff, software.amazon.awssdk.services.s3.internal.handlers.EnableTrailingChecksumInterceptor@5f417da6, software.amazon.awssdk.services.s3.internal.handlers.CreateMultipartUploadRequestInterceptor@5c6805ef, software.amazon.awssdk.services.s3.internal.handlers.GetObjectInterceptor@23289083, software.amazon.awssdk.services.s3.internal.handlers.AsyncChecksumValidationInterceptor@2af036fa, software.amazon.awssdk.services.s3.internal.handlers.EndpointAddressInterceptor@7e88d24f, software.amazon.awssdk.services.s3.internal.handlers.ExceptionTranslationInterceptor@62d3f70c, software.amazon.awssdk.services.s3.internal.handlers.GetBucketPolicyInterceptor@598cf5d, software.amazon.awssdk.services.s3.internal.handlers.PutObjectInterceptor@2e746ef2, software.amazon.awssdk.services.s3.internal.handlers.SyncChecksumValidationInterceptor@16d6cbd9, software.amazon.awssdk.services.s3.internal.handlers.DecodeUrlEncodedResponseInterceptor@6bc03598, software.amazon.awssdk.services.s3.internal.handlers.CreateBucketInterceptor@28e1fd9a]
2022-10-26 01:49:32,589 [Thread-0] DEBUG software.amazon.awssdk.core.interceptor.ExecutionInterceptorChain - Interceptor 'software.amazon.awssdk.services.s3.internal.handlers.EndpointAddressInterceptor@7e88d24f' modified the message with its modifyHttpRequest method.
2022-10-26 01:49:32,592 [Thread-0] DEBUG software.amazon.awssdk.core.interceptor.ExecutionInterceptorChain - Interceptor 'software.amazon.awssdk.services.s3.internal.handlers.PutObjectInterceptor@2e746ef2' modified the message with its modifyHttpRequest method.
2022-10-26 01:49:32,594 [Thread-0] DEBUG software.amazon.awssdk.request - Sending Request: DefaultSdkHttpFullRequest(httpMethod=PUT, protocol=https, host=usu-cs5260-waffle-requests.s3.amazonaws.com, port=443, encodedPath=/1666748972587, headers=[amz-sdk-invocation-id, Content-Length, Content-Type, Expect, User-Agent], queryParameters=[])
2022-10-26 01:49:32,595 [Thread-0] DEBUG software.amazon.awssdk.auth.signer.Aws4Signer - AWS4 String to sign: AWS4-HMAC-SHA256
20221026T014932Z
20221026/us-east-1/s3/aws4_request
3578e65c70f82938a8f784166852c053fa7b90617773c44dc90e167f32d8f46d
2022-10-26 01:49:32,705 [Thread-0] DEBUG software.amazon.awssdk.request - Received successful response: 200
2022-10-26 01:49:32,707 [Thread-0] INFO edu.usu.cs5260.producer.RequestGenerator - Generate a Create request
2022-10-26 01:49:32,708 [Thread-0] DEBUG software.amazon.awssdk.core.interceptor.ExecutionInterceptorChain - Creating an interceptor chain that will apply interceptors in the following order: [software.amazon.awssdk.core.internal.interceptor.HttpChecksumRequiredInterceptor@546e50f8, software.amazon.awssdk.awscore.interceptor.HelpfulUnknownHostExceptionInterceptor@fe18968, software.amazon.awssdk.services.s3.internal.handlers.EnableChunkedEncodingInterceptor@76b121c0, software.amazon.awssdk.services.s3.internal.handlers.DisableDoubleUrlEncodingInterceptor@798e1bff, software.amazon.awssdk.services.s3.internal.handlers.EnableTrailingChecksumInterceptor@5f417da6, software.amazon.awssdk.services.s3.internal.handlers.CreateMultipartUploadRequestInterceptor@5c6805ef, software.amazon.awssdk.services.s3.internal.handlers.GetObjectInterceptor@23289083, software.amazon.awssdk.services.s3.internal.handlers.AsyncChecksumValidationInterceptor@2af036fa, software.amazon.awssdk.services.s3.internal.handlers.EndpointAddressInterceptor@7e88d24f, software.amazon.awssdk.services.s3.internal.handlers.ExceptionTranslationInterceptor@62d3f70c, software.amazon.awssdk.services.s3.internal.handlers.GetBucketPolicyInterceptor@598cf5d, software.amazon.awssdk.services.s3.internal.handlers.PutObjectInterceptor@2e746ef2, software.amazon.awssdk.services.s3.internal.handlers.SyncChecksumValidationInterceptor@16d6cbd9, software.amazon.awssdk.services.s3.internal.handlers.DecodeUrlEncodedResponseInterceptor@6bc03598, software.amazon.awssdk.services.s3.internal.handlers.CreateBucketInterceptor@28e1fd9a]
2022-10-26 01:49:32,711 [Thread-0] DEBUG software.amazon.awssdk.core.interceptor.ExecutionInterceptorChain - Interceptor 'software.amazon.awssdk.services.s3.internal.handlers.EndpointAddressInterceptor@7e88d24f' modified the message with its modifyHttpRequest method.
2022-10-26 01:49:32,712 [Thread-0] DEBUG software.amazon.awssdk.core.interceptor.ExecutionInterceptorChain - Interceptor 'software.amazon.awssdk.services.s3.internal.handlers.PutObjectInterceptor@2e746ef2' modified the message with its modifyHttpRequest method.
2022-10-26 01:49:32,715 [Thread-0] DEBUG software.amazon.awssdk.request - Sending Request: DefaultSdkHttpFullRequest(httpMethod=PUT, protocol=https, host=usu-cs5260-waffle-requests.s3.amazonaws.com, port=443, encodedPath=/1666748972708, headers=[amz-sdk-invocation-id, Content-Length, Content-Type, Expect, User-Agent], queryParameters=[])
2022-10-26 01:49:32,715 [Thread-0] DEBUG software.amazon.awssdk.auth.signer.Aws4Signer - AWS4 String to sign: AWS4-HMAC-SHA256
20221026T014932Z
20221026/us-east-1/s3/aws4_request
4540fc62b8dbc16dae51110ddb898ea643da3453fa18237870a2718933a38342
2022-10-26 01:49:32,765 [Thread-0] DEBUG software.amazon.awssdk.request - Received successful response: 200
2022-10-26 01:49:32,767 [Thread-0] INFO edu.usu.cs5260.producer.RequestGenerator - Generate a Create request
2022-10-26 01:49:32,770 [Thread-0] DEBUG software.amazon.awssdk.core.interceptor.ExecutionInterceptorChain - Creating an interceptor chain that will apply interceptors in the following order: [software.amazon.awssdk.core.internal.interceptor.HttpChecksumRequiredInterceptor@546e50f8, software.amazon.awssdk.awscore.interceptor.HelpfulUnknownHostExceptionInterceptor@fe18968, software.amazon.awssdk.services.s3.internal.handlers.EnableChunkedEncodingInterceptor@76b121c0, software.amazon.awssdk.services.s3.internal.handlers.DisableDoubleUrlEncodingInterceptor@798e1bff, software.amazon.awssdk.services.s3.internal.handlers.EnableTrailingChecksumInterceptor@5f417da6, software.amazon.awssdk.services.s3.internal.handlers.CreateMultipartUploadRequestInterceptor@5c6805ef, software.amazon.awssdk.services.s3.internal.handlers.GetObjectInterceptor@23289083, software.amazon.awssdk.services.s3.internal.handlers.AsyncChecksumValidationInterceptor@2af036fa, software.amazon.awssdk.services.s3.internal.handlers.EndpointAddressInterceptor@7e88d24f, software.amazon.awssdk.services.s3.internal.handlers.ExceptionTranslationInterceptor@62d3f70c, software.amazon.awssdk.services.s3.internal.handlers.GetBucketPolicyInterceptor@598cf5d, software.amazon.awssdk.services.s3.internal.handlers.PutObjectInterceptor@2e746ef2, software.amazon.awssdk.services.s3.internal.handlers.SyncChecksumValidationInterceptor@16d6cbd9, software.amazon.awssdk.services.s3.internal.handlers.DecodeUrlEncodedResponseInterceptor@6bc03598, software.amazon.awssdk.services.s3.internal.handlers.CreateBucketInterceptor@28e1fd9a]
2022-10-26 01:49:32,771 [Thread-0] DEBUG software.amazon.awssdk.core.interceptor.ExecutionInterceptorChain - Interceptor 'software.amazon.awssdk.services.s3.internal.handlers.EndpointAddressInterceptor@7e88d24f' modified the message with its modifyHttpRequest method.
2022-10-26 01:49:32,774 [Thread-0] DEBUG software.amazon.awssdk.core.interceptor.ExecutionInterceptorChain - Interceptor 'software.amazon.awssdk.services.s3.internal.handlers.PutObjectInterceptor@2e746ef2' modified the message with its modifyHttpRequest method.
2022-10-26 01:49:32,775 [Thread-0] DEBUG software.amazon.awssdk.request - Sending Request: DefaultSdkHttpFullRequest(httpMethod=PUT, protocol=https, host=usu-cs5260-waffle-requests.s3.amazonaws.com, port=443, encodedPath=/1666748972770, headers=[amz-sdk-invocation-id, Content-Length, Content-Type, Expect, User-Agent], queryParameters=[])
2022-10-26 01:49:32,776 [Thread-0] DEBUG software.amazon.awssdk.auth.signer.Aws4Signer - AWS4 String to sign: AWS4-HMAC-SHA256
20221026T014932Z
20221026/us-east-1/s3/aws4_request
d4c107c8009ec13be3bb3435b22671953cb4d9bac9987dc14cde8ecff867cad9
2022-10-26 01:49:32,812 [Thread-0] DEBUG software.amazon.awssdk.request - Received successful response: 200
2022-10-26 01:49:32,816 [Thread-0] INFO edu.usu.cs5260.producer.RequestGenerator - Generate an Update request
2022-10-26 01:49:32,818 [Thread-0] DEBUG software.amazon.awssdk.core.interceptor.ExecutionInterceptorChain - Creating an interceptor chain that will apply interceptors in the following order: [software.amazon.awssdk.core.internal.interceptor.HttpChecksumRequiredInterceptor@546e50f8, software.amazon.awssdk.awscore.interceptor.HelpfulUnknownHostExceptionInterceptor@fe18968, software.amazon.awssdk.services.s3.internal.handlers.EnableChunkedEncodingInterceptor@76b121c0, software.amazon.awssdk.services.s3.internal.handlers.DisableDoubleUrlEncodingInterceptor@798e1bff, software.amazon.awssdk.services.s3.internal.handlers.EnableTrailingChecksumInterceptor@5f417da6, software.amazon.awssdk.services.s3.internal.handlers.CreateMultipartUploadRequestInterceptor@5c6805ef, software.amazon.awssdk.services.s3.internal.handlers.GetObjectInterceptor@23289083, software.amazon.awssdk.services.s3.internal.handlers.AsyncChecksumValidationInterceptor@2af036fa, software.amazon.awssdk.services.s3.internal.handlers.EndpointAddressInterceptor@7e88d24f, software.amazon.awssdk.services.s3.internal.handlers.ExceptionTranslationInterceptor@62d3f70c, software.amazon.awssdk.services.s3.internal.handlers.GetBucketPolicyInterceptor@598cf5d, software.amazon.awssdk.services.s3.internal.handlers.PutObjectInterceptor@2e746ef2, software.amazon.awssdk.services.s3.internal.handlers.SyncChecksumValidationInterceptor@16d6cbd9, software.amazon.awssdk.services.s3.internal.handlers.DecodeUrlEncodedResponseInterceptor@6bc03598, software.amazon.awssdk.services.s3.internal.handlers.CreateBucketInterceptor@28e1fd9a]
2022-10-26 01:49:32,819 [Thread-0] DEBUG software.amazon.awssdk.core.interceptor.ExecutionInterceptorChain - Interceptor 'software.amazon.awssdk.services.s3.internal.handlers.EndpointAddressInterceptor@7e88d24f' modified the message with its modifyHttpRequest method.
2022-10-26 01:49:32,819 [Thread-0] DEBUG software.amazon.awssdk.core.interceptor.ExecutionInterceptorChain - Interceptor 'software.amazon.awssdk.services.s3.internal.handlers.PutObjectInterceptor@2e746ef2' modified the message with its modifyHttpRequest method.
2022-10-26 01:49:32,819 [Thread-0] DEBUG software.amazon.awssdk.request - Sending Request: DefaultSdkHttpFullRequest(httpMethod=PUT, protocol=https, host=usu-cs5260-waffle-requests.s3.amazonaws.com, port=443, encodedPath=/1666748972818, headers=[amz-sdk-invocation-id, Content-Length, Content-Type, Expect, User-Agent], queryParameters=[])
2022-10-26 01:49:32,820 [Thread-0] DEBUG software.amazon.awssdk.auth.signer.Aws4Signer - AWS4 String to sign: AWS4-HMAC-SHA256
20221026T014932Z
20221026/us-east-1/s3/aws4_request
ea8c416858498eb054c092aa9ed3523aab3f44d5bbed945f490cba423e989733
2022-10-26 01:49:32,847 [Thread-0] DEBUG software.amazon.awssdk.request - Received successful response: 200
2022-10-26 01:49:32,947 [Thread-0] INFO edu.usu.cs5260.producer.RequestGenerator - Generate an Update request
2022-10-26 01:49:32,956 [Thread-0] DEBUG software.amazon.awssdk.core.interceptor.ExecutionInterceptorChain - Creating an interceptor chain that will apply interceptors in the following order: [software.amazon.awssdk.core.internal.interceptor.HttpChecksumRequiredInterceptor@546e50f8, software.amazon.awssdk.awscore.interceptor.HelpfulUnknownHostExceptionInterceptor@fe18968, software.amazon.awssdk.services.s3.internal.handlers.EnableChunkedEncodingInterceptor@76b121c0, software.amazon.awssdk.services.s3.internal.handlers.DisableDoubleUrlEncodingInterceptor@798e1bff, software.amazon.awssdk.services.s3.internal.handlers.EnableTrailingChecksumInterceptor@5f417da6, software.amazon.awssdk.services.s3.internal.handlers.CreateMultipartUploadRequestInterceptor@5c6805ef, software.amazon.awssdk.services.s3.internal.handlers.GetObjectInterceptor@23289083, software.amazon.awssdk.services.s3.internal.handlers.AsyncChecksumValidationInterceptor@2af036fa, software.amazon.awssdk.services.s3.internal.handlers.EndpointAddressInterceptor@7e88d24f, software.amazon.awssdk.services.s3.internal.handlers.ExceptionTranslationInterceptor@62d3f70c, software.amazon.awssdk.services.s3.internal.handlers.GetBucketPolicyInterceptor@598cf5d, software.amazon.awssdk.services.s3.internal.handlers.PutObjectInterceptor@2e746ef2, software.amazon.awssdk.services.s3.internal.handlers.SyncChecksumValidationInterceptor@16d6cbd9, software.amazon.awssdk.services.s3.internal.handlers.DecodeUrlEncodedResponseInterceptor@6bc03598, software.amazon.awssdk.services.s3.internal.handlers.CreateBucketInterceptor@28e1fd9a]
2022-10-26 01:49:32,957 [Thread-0] DEBUG software.amazon.awssdk.core.interceptor.ExecutionInterceptorChain - Interceptor 'software.amazon.awssdk.services.s3.internal.handlers.EndpointAddressInterceptor@7e88d24f' modified the message with its modifyHttpRequest method.
2022-10-26 01:49:32,957 [Thread-0] DEBUG software.amazon.awssdk.core.interceptor.ExecutionInterceptorChain - Interceptor 'software.amazon.awssdk.services.s3.internal.handlers.PutObjectInterceptor@2e746ef2' modified the message with its modifyHttpRequest method.
2022-10-26 01:49:32,958 [Thread-0] DEBUG software.amazon.awssdk.request - Sending Request: DefaultSdkHttpFullRequest(httpMethod=PUT, protocol=https, host=usu-cs5260-waffle-requests.s3.amazonaws.com, port=443, encodedPath=/1666748972949, headers=[amz-sdk-invocation-id, Content-Length, Content-Type, Expect, User-Agent], queryParameters=[])
2022-10-26 01:49:32,958 [Thread-0] DEBUG software.amazon.awssdk.auth.signer.Aws4Signer - AWS4 String to sign: AWS4-HMAC-SHA256
20221026T014932Z
20221026/us-east-1/s3/aws4_request
746862863d7a7d5a936f7e8bb59d69e6cb680096b1f1d8ba32c3b0fd91628071
2022-10-26 01:49:32,991 [Thread-0] DEBUG software.amazon.awssdk.request - Received successful response: 200
2022-10-26 01:49:33,094 [Thread-0] INFO edu.usu.cs5260.producer.RequestGenerator - Generate an Update request
2022-10-26 01:49:33,100 [Thread-0] DEBUG software.amazon.awssdk.core.interceptor.ExecutionInterceptorChain - Creating an interceptor chain that will apply interceptors in the following order: [software.amazon.awssdk.core.internal.interceptor.HttpChecksumRequiredInterceptor@546e50f8, software.amazon.awssdk.awscore.interceptor.HelpfulUnknownHostExceptionInterceptor@fe18968, software.amazon.awssdk.services.s3.internal.handlers.EnableChunkedEncodingInterceptor@76b121c0, software.amazon.awssdk.services.s3.internal.handlers.DisableDoubleUrlEncodingInterceptor@798e1bff, software.amazon.awssdk.services.s3.internal.handlers.EnableTrailingChecksumInterceptor@5f417da6, software.amazon.awssdk.services.s3.internal.handlers.CreateMultipartUploadRequestInterceptor@5c6805ef, software.amazon.awssdk.services.s3.internal.handlers.GetObjectInterceptor@23289083, software.amazon.awssdk.services.s3.internal.handlers.AsyncChecksumValidationInterceptor@2af036fa, software.amazon.awssdk.services.s3.internal.handlers.EndpointAddressInterceptor@7e88d24f, software.amazon.awssdk.services.s3.internal.handlers.ExceptionTranslationInterceptor@62d3f70c, software.amazon.awssdk.services.s3.internal.handlers.GetBucketPolicyInterceptor@598cf5d, software.amazon.awssdk.services.s3.internal.handlers.PutObjectInterceptor@2e746ef2, software.amazon.awssdk.services.s3.internal.handlers.SyncChecksumValidationInterceptor@16d6cbd9, software.amazon.awssdk.services.s3.internal.handlers.DecodeUrlEncodedResponseInterceptor@6bc03598, software.amazon.awssdk.services.s3.internal.handlers.CreateBucketInterceptor@28e1fd9a]
2022-10-26 01:49:33,102 [Thread-0] DEBUG software.amazon.awssdk.core.interceptor.ExecutionInterceptorChain - Interceptor 'software.amazon.awssdk.services.s3.internal.handlers.EndpointAddressInterceptor@7e88d24f' modified the message with its modifyHttpRequest method.
2022-10-26 01:49:33,104 [Thread-0] DEBUG software.amazon.awssdk.core.interceptor.ExecutionInterceptorChain - Interceptor 'software.amazon.awssdk.services.s3.internal.handlers.PutObjectInterceptor@2e746ef2' modified the message with its modifyHttpRequest method.
2022-10-26 01:49:33,105 [Thread-0] DEBUG software.amazon.awssdk.request - Sending Request: DefaultSdkHttpFullRequest(httpMethod=PUT, protocol=https, host=usu-cs5260-waffle-requests.s3.amazonaws.com, port=443, encodedPath=/1666748973099, headers=[amz-sdk-invocation-id, Content-Length, Content-Type, Expect, User-Agent], queryParameters=[])
2022-10-26 01:49:33,108 [Thread-0] DEBUG software.amazon.awssdk.auth.signer.Aws4Signer - AWS4 String to sign: AWS4-HMAC-SHA256
20221026T014933Z
20221026/us-east-1/s3/aws4_request
43ab2a20f9d7d91929614fcc618408f2134615cd2179234758818a349126e895
2022-10-26 01:49:33,164 [Thread-0] DEBUG software.amazon.awssdk.request - Received successful response: 200
2022-10-26 01:49:33,266 [Thread-0] INFO edu.usu.cs5260.producer.RequestGenerator - Generate an Update request
2022-10-26 01:49:33,268 [Thread-0] DEBUG software.amazon.awssdk.core.interceptor.ExecutionInterceptorChain - Creating an interceptor chain that will apply interceptors in the following order: [software.amazon.awssdk.core.internal.interceptor.HttpChecksumRequiredInterceptor@546e50f8, software.amazon.awssdk.awscore.interceptor.HelpfulUnknownHostExceptionInterceptor@fe18968, software.amazon.awssdk.services.s3.internal.handlers.EnableChunkedEncodingInterceptor@76b121c0, software.amazon.awssdk.services.s3.internal.handlers.DisableDoubleUrlEncodingInterceptor@798e1bff, software.amazon.awssdk.services.s3.internal.handlers.EnableTrailingChecksumInterceptor@5f417da6, software.amazon.awssdk.services.s3.internal.handlers.CreateMultipartUploadRequestInterceptor@5c6805ef, software.amazon.awssdk.services.s3.internal.handlers.GetObjectInterceptor@23289083, software.amazon.awssdk.services.s3.internal.handlers.AsyncChecksumValidationInterceptor@2af036fa, software.amazon.awssdk.services.s3.internal.handlers.EndpointAddressInterceptor@7e88d24f, software.amazon.awssdk.services.s3.internal.handlers.ExceptionTranslationInterceptor@62d3f70c, software.amazon.awssdk.services.s3.internal.handlers.GetBucketPolicyInterceptor@598cf5d, software.amazon.awssdk.services.s3.internal.handlers.PutObjectInterceptor@2e746ef2, software.amazon.awssdk.services.s3.internal.handlers.SyncChecksumValidationInterceptor@16d6cbd9, software.amazon.awssdk.services.s3.internal.handlers.DecodeUrlEncodedResponseInterceptor@6bc03598, software.amazon.awssdk.services.s3.internal.handlers.CreateBucketInterceptor@28e1fd9a]
2022-10-26 01:49:33,271 [Thread-0] DEBUG software.amazon.awssdk.core.interceptor.ExecutionInterceptorChain - Interceptor 'software.amazon.awssdk.services.s3.internal.handlers.EndpointAddressInterceptor@7e88d24f' modified the message with its modifyHttpRequest method.
2022-10-26 01:49:33,277 [Thread-0] DEBUG software.amazon.awssdk.core.interceptor.ExecutionInterceptorChain - Interceptor 'software.amazon.awssdk.services.s3.internal.handlers.PutObjectInterceptor@2e746ef2' modified the message with its modifyHttpRequest method.
2022-10-26 01:49:33,278 [Thread-0] DEBUG software.amazon.awssdk.request - Sending Request: DefaultSdkHttpFullRequest(httpMethod=PUT, protocol=https, host=usu-cs5260-waffle-requests.s3.amazonaws.com, port=443, encodedPath=/1666748973268, headers=[amz-sdk-invocation-id, Content-Length, Content-Type, Expect, User-Agent], queryParameters=[])
2022-10-26 01:49:33,278 [Thread-0] DEBUG software.amazon.awssdk.auth.signer.Aws4Signer - AWS4 String to sign: AWS4-HMAC-SHA256
20221026T014933Z
20221026/us-east-1/s3/aws4_request
ca06197eea1c048c93ecaae2cc6fd51d4c4ee6444fd7e2f04868ad0d288f6591
2022-10-26 01:49:33,309 [Thread-0] DEBUG software.amazon.awssdk.request - Received successful response: 200
2022-10-26 01:49:33,410 [Thread-0] INFO edu.usu.cs5260.producer.RequestGenerator - Generate a Create request
2022-10-26 01:49:33,411 [Thread-0] DEBUG software.amazon.awssdk.core.interceptor.ExecutionInterceptorChain - Creating an interceptor chain that will apply interceptors in the following order: [software.amazon.awssdk.core.internal.interceptor.HttpChecksumRequiredInterceptor@546e50f8, software.amazon.awssdk.awscore.interceptor.HelpfulUnknownHostExceptionInterceptor@fe18968, software.amazon.awssdk.services.s3.internal.handlers.EnableChunkedEncodingInterceptor@76b121c0, software.amazon.awssdk.services.s3.internal.handlers.DisableDoubleUrlEncodingInterceptor@798e1bff, software.amazon.awssdk.services.s3.internal.handlers.EnableTrailingChecksumInterceptor@5f417da6, software.amazon.awssdk.services.s3.internal.handlers.CreateMultipartUploadRequestInterceptor@5c6805ef, software.amazon.awssdk.services.s3.internal.handlers.GetObjectInterceptor@23289083, software.amazon.awssdk.services.s3.internal.handlers.AsyncChecksumValidationInterceptor@2af036fa, software.amazon.awssdk.services.s3.internal.handlers.EndpointAddressInterceptor@7e88d24f, software.amazon.awssdk.services.s3.internal.handlers.ExceptionTranslationInterceptor@62d3f70c, software.amazon.awssdk.services.s3.internal.handlers.GetBucketPolicyInterceptor@598cf5d, software.amazon.awssdk.services.s3.internal.handlers.PutObjectInterceptor@2e746ef2, software.amazon.awssdk.services.s3.internal.handlers.SyncChecksumValidationInterceptor@16d6cbd9, software.amazon.awssdk.services.s3.internal.handlers.DecodeUrlEncodedResponseInterceptor@6bc03598, software.amazon.awssdk.services.s3.internal.handlers.CreateBucketInterceptor@28e1fd9a]
2022-10-26 01:49:33,412 [Thread-0] DEBUG software.amazon.awssdk.core.interceptor.ExecutionInterceptorChain - Interceptor 'software.amazon.awssdk.services.s3.internal.handlers.EndpointAddressInterceptor@7e88d24f' modified the message with its modifyHttpRequest method.
2022-10-26 01:49:33,412 [Thread-0] DEBUG software.amazon.awssdk.core.interceptor.ExecutionInterceptorChain - Interceptor 'software.amazon.awssdk.services.s3.internal.handlers.PutObjectInterceptor@2e746ef2' modified the message with its modifyHttpRequest method.
2022-10-26 01:49:33,412 [Thread-0] DEBUG software.amazon.awssdk.request - Sending Request: DefaultSdkHttpFullRequest(httpMethod=PUT, protocol=https, host=usu-cs5260-waffle-requests.s3.amazonaws.com, port=443, encodedPath=/1666748973411, headers=[amz-sdk-invocation-id, Content-Length, Content-Type, Expect, User-Agent], queryParameters=[])
2022-10-26 01:49:33,413 [Thread-0] DEBUG software.amazon.awssdk.auth.signer.Aws4Signer - AWS4 String to sign: AWS4-HMAC-SHA256
20221026T014933Z
20221026/us-east-1/s3/aws4_request
250074af3743be4a829b5992165ed9c6453a528505e0f5d7dcaf12d16c64e31e
2022-10-26 01:49:33,444 [Thread-0] DEBUG software.amazon.awssdk.request - Received successful response: 200
2022-10-26 01:49:33,445 [Thread-0] INFO edu.usu.cs5260.producer.RequestGenerator - Generate a Create request
2022-10-26 01:49:33,447 [Thread-0] DEBUG software.amazon.awssdk.core.interceptor.ExecutionInterceptorChain - Creating an interceptor chain that will apply interceptors in the following order: [software.amazon.awssdk.core.internal.interceptor.HttpChecksumRequiredInterceptor@546e50f8, software.amazon.awssdk.awscore.interceptor.HelpfulUnknownHostExceptionInterceptor@fe18968, software.amazon.awssdk.services.s3.internal.handlers.EnableChunkedEncodingInterceptor@76b121c0, software.amazon.awssdk.services.s3.internal.handlers.DisableDoubleUrlEncodingInterceptor@798e1bff, software.amazon.awssdk.services.s3.internal.handlers.EnableTrailingChecksumInterceptor@5f417da6, software.amazon.awssdk.services.s3.internal.handlers.CreateMultipartUploadRequestInterceptor@5c6805ef, software.amazon.awssdk.services.s3.internal.handlers.GetObjectInterceptor@23289083, software.amazon.awssdk.services.s3.internal.handlers.AsyncChecksumValidationInterceptor@2af036fa, software.amazon.awssdk.services.s3.internal.handlers.EndpointAddressInterceptor@7e88d24f, software.amazon.awssdk.services.s3.internal.handlers.ExceptionTranslationInterceptor@62d3f70c, software.amazon.awssdk.services.s3.internal.handlers.GetBucketPolicyInterceptor@598cf5d, software.amazon.awssdk.services.s3.internal.handlers.PutObjectInterceptor@2e746ef2, software.amazon.awssdk.services.s3.internal.handlers.SyncChecksumValidationInterceptor@16d6cbd9, software.amazon.awssdk.services.s3.internal.handlers.DecodeUrlEncodedResponseInterceptor@6bc03598, software.amazon.awssdk.services.s3.internal.handlers.CreateBucketInterceptor@28e1fd9a]
2022-10-26 01:49:33,448 [Thread-0] DEBUG software.amazon.awssdk.core.interceptor.ExecutionInterceptorChain - Interceptor 'software.amazon.awssdk.services.s3.internal.handlers.EndpointAddressInterceptor@7e88d24f' modified the message with its modifyHttpRequest method.
2022-10-26 01:49:33,448 [Thread-0] DEBUG software.amazon.awssdk.core.interceptor.ExecutionInterceptorChain - Interceptor 'software.amazon.awssdk.services.s3.internal.handlers.PutObjectInterceptor@2e746ef2' modified the message with its modifyHttpRequest method.
2022-10-26 01:49:33,448 [Thread-0] DEBUG software.amazon.awssdk.request - Sending Request: DefaultSdkHttpFullRequest(httpMethod=PUT, protocol=https, host=usu-cs5260-waffle-requests.s3.amazonaws.com, port=443, encodedPath=/1666748973447, headers=[amz-sdk-invocation-id, Content-Length, Content-Type, Expect, User-Agent], queryParameters=[])
2022-10-26 01:49:33,453 [Thread-0] DEBUG software.amazon.awssdk.auth.signer.Aws4Signer - AWS4 String to sign: AWS4-HMAC-SHA256
20221026T014933Z
20221026/us-east-1/s3/aws4_request
e39dfd18dad527975c9ffe4c20d0a76d9045c3366cb44298959183ea1f6e5a07
2022-10-26 01:49:33,486 [Thread-0] DEBUG software.amazon.awssdk.request - Received successful response: 200
2022-10-26 01:49:33,489 [Thread-0] INFO edu.usu.cs5260.producer.RequestGenerator - Generate a Create request
2022-10-26 01:49:33,490 [Thread-0] DEBUG software.amazon.awssdk.core.interceptor.ExecutionInterceptorChain - Creating an interceptor chain that will apply interceptors in the following order: [software.amazon.awssdk.core.internal.interceptor.HttpChecksumRequiredInterceptor@546e50f8, software.amazon.awssdk.awscore.interceptor.HelpfulUnknownHostExceptionInterceptor@fe18968, software.amazon.awssdk.services.s3.internal.handlers.EnableChunkedEncodingInterceptor@76b121c0, software.amazon.awssdk.services.s3.internal.handlers.DisableDoubleUrlEncodingInterceptor@798e1bff, software.amazon.awssdk.services.s3.internal.handlers.EnableTrailingChecksumInterceptor@5f417da6, software.amazon.awssdk.services.s3.internal.handlers.CreateMultipartUploadRequestInterceptor@5c6805ef, software.amazon.awssdk.services.s3.internal.handlers.GetObjectInterceptor@23289083, software.amazon.awssdk.services.s3.internal.handlers.AsyncChecksumValidationInterceptor@2af036fa, software.amazon.awssdk.services.s3.internal.handlers.EndpointAddressInterceptor@7e88d24f, software.amazon.awssdk.services.s3.internal.handlers.ExceptionTranslationInterceptor@62d3f70c, software.amazon.awssdk.services.s3.internal.handlers.GetBucketPolicyInterceptor@598cf5d, software.amazon.awssdk.services.s3.internal.handlers.PutObjectInterceptor@2e746ef2, software.amazon.awssdk.services.s3.internal.handlers.SyncChecksumValidationInterceptor@16d6cbd9, software.amazon.awssdk.services.s3.internal.handlers.DecodeUrlEncodedResponseInterceptor@6bc03598, software.amazon.awssdk.services.s3.internal.handlers.CreateBucketInterceptor@28e1fd9a]
2022-10-26 01:49:33,491 [Thread-0] DEBUG software.amazon.awssdk.core.interceptor.ExecutionInterceptorChain - Interceptor 'software.amazon.awssdk.services.s3.internal.handlers.EndpointAddressInterceptor@7e88d24f' modified the message with its modifyHttpRequest method.
2022-10-26 01:49:33,491 [Thread-0] DEBUG software.amazon.awssdk.core.interceptor.ExecutionInterceptorChain - Interceptor 'software.amazon.awssdk.services.s3.internal.handlers.PutObjectInterceptor@2e746ef2' modified the message with its modifyHttpRequest method.
2022-10-26 01:49:33,492 [Thread-0] DEBUG software.amazon.awssdk.request - Sending Request: DefaultSdkHttpFullRequest(httpMethod=PUT, protocol=https, host=usu-cs5260-waffle-requests.s3.amazonaws.com, port=443, encodedPath=/1666748973490, headers=[amz-sdk-invocation-id, Content-Length, Content-Type, Expect, User-Agent], queryParameters=[])
2022-10-26 01:49:33,492 [Thread-0] DEBUG software.amazon.awssdk.auth.signer.Aws4Signer - AWS4 String to sign: AWS4-HMAC-SHA256
20221026T014933Z
20221026/us-east-1/s3/aws4_request
c89e1dd9e9b085e03bf67ca5f1873c430fc242703dea237e1242e4b824e6e4a4
